<?xml version="1.0" encoding="UTF-8"?>
<testsuite name="com.ykf.test.AppTest" time="0.001" tests="1" errors="0" skipped="0" failures="0">
  <properties>
    <property name="java.runtime.name" value="Java(TM) SE Runtime Environment"/>
    <property name="sun.boot.library.path" value="F:\jdk1.8.0_131\jre\bin"/>
    <property name="java.vm.version" value="25.131-b11"/>
    <property name="java.vm.vendor" value="Oracle Corporation"/>
    <property name="maven.multiModuleProjectDirectory" value="F:\github\test\test"/>
    <property name="java.vendor.url" value="http://java.oracle.com/"/>
    <property name="path.separator" value=";"/>
    <property name="guice.disable.misplaced.annotation.check" value="true"/>
    <property name="java.vm.name" value="Java HotSpot(TM) Server VM"/>
    <property name="file.encoding.pkg" value="sun.io"/>
    <property name="user.script" value=""/>
    <property name="user.country" value="CN"/>
    <property name="sun.java.launcher" value="SUN_STANDARD"/>
    <property name="sun.os.patch.level" value=""/>
    <property name="java.vm.specification.name" value="Java Virtual Machine Specification"/>
    <property name="user.dir" value="F:\github\test\test"/>
    <property name="java.runtime.version" value="1.8.0_131-b11"/>
    <property name="java.awt.graphicsenv" value="sun.awt.Win32GraphicsEnvironment"/>
    <property name="java.endorsed.dirs" value="F:\jdk1.8.0_131\jre\lib\endorsed"/>
    <property name="os.arch" value="x86"/>
    <property name="java.io.tmpdir" value="C:\Users\user\AppData\Local\Temp\"/>
    <property name="line.separator" value="&#10;"/>
    <property name="java.vm.specification.vendor" value="Oracle Corporation"/>
    <property name="user.variant" value=""/>
    <property name="os.name" value="Windows 10"/>
    <property name="classworlds.conf" value="F:\Java\bcgj\service\apache-maven-3.3.9\apache-maven-3.3.9\apache-maven-3.3.9\bin\..\bin\m2.conf"/>
    <property name="sun.jnu.encoding" value="GBK"/>
    <property name="java.library.path" value="F:\jdk1.8.0_131\bin;C:\Windows\Sun\Java\bin;C:\Windows\system32;C:\Windows;C:\ProgramData\Oracle\Java\javapath;F:\OracleDataBase\app\oracle\bin;F:\OracleDataBase\app\OracleDataBaseapp\user\product\12.1.0\dbhome_1\bin;f:\Ora10InstantClient\bin;C:\Program Files (x86)\Intel\iCLS Client\;C:\Program Files\Intel\iCLS Client\;C:\Windows\system32;C:\Windows;C:\Windows\System32\Wbem;C:\Windows\System32\WindowsPowerShell\v1.0\;C:\Program Files (x86)\Intel\Intel(R) Management Engine Components\DAL;C:\Program Files\Intel\Intel(R) Management Engine Components\DAL;C:\Program Files (x86)\Intel\Intel(R) Management Engine Components\IPT;C:\Program Files\Intel\Intel(R) Management Engine Components\IPT;C:\Program Files\Intel\WiFi\bin\;C:\Program Files\Common Files\Intel\WirelessCommon\;C:\Program Files (x86)\NVIDIA Corporation\PhysX\Common;F:\Program Files\TortoiseSVN\bin;F:\sqlServer\Microsoft SQL Server\100\Tools\Binn\;F:\sqlServer\100\Tools\Binn\;F:\sqlServer\100\DTS\Binn\;C:\Program Files (x86)\Common Files\Thunder Network\KanKan\Codecs;F:\git\Git\cmd;F:\scala\scala\bin;F:\Python3.7.0\Scripts\;F:\Python3.7.0\;C:\Users\user\AppData\Local\Microsoft\WindowsApps;F:\jdk1.8.0_131\jre\bin;F:\jdk1.8.0_131\bin;F:\Ora10InstantClient\orcale 11g\Ora10InstantClient;F:\OracleDataBase\app\oracle\product\11.2.0\server\bin;F:\mysql\mysql-5.6.39-winx64\mysql-5.6.39-winx64\bin;F:\solr\solr\solr\solr-6.6.0\solr-6.6.0\bin;F:\zookeeper\zookeeper-3.3.6\zookeeper-3.3.6\bin;F:\redis\Redis-x64-3.2.100;F:\nginx;F:\ant\apache-ant-1.9.11\bin;F:\ant\apache-ant-1.9.11\lib;F:\Python27;f:\Python27\Scripts;F:\SWIG\swigwin-3.0.12;F:\ffmpeg\ffmpeg\bin;F:\VSC\Microsoft VS Code\bin;F:\nodeJs\node-v12.13.1-win-x64;F:\nodeJs\node-v12.13.1-win-x64\node-global;F:\scala\scala\bin;F:\scala\scala\lib;C:\Program Files (x86)\Mozilla Firefox;F:\MinGw\bin;F:\sonar\sonar-scanner-msbuild-3.0.0.629\sonar-scanner-3.0.3.778\bin;F:\Java\bcgj\service\apache-maven-3.3.9\apache-maven-3.3.9\apache-maven-3.3.9\bin;."/>
    <property name="java.specification.name" value="Java Platform API Specification"/>
    <property name="java.class.version" value="52.0"/>
    <property name="sun.management.compiler" value="HotSpot Tiered Compilers"/>
    <property name="os.version" value="10.0"/>
    <property name="user.home" value="C:\Users\user"/>
    <property name="user.timezone" value="Asia/Shanghai"/>
    <property name="java.awt.printerjob" value="sun.awt.windows.WPrinterJob"/>
    <property name="java.specification.version" value="1.8"/>
    <property name="file.encoding" value="GBK"/>
    <property name="user.name" value="user"/>
    <property name="java.class.path" value="F:\Java\bcgj\service\apache-maven-3.3.9\apache-maven-3.3.9\apache-maven-3.3.9\bin\..\boot\plexus-classworlds-2.5.2.jar"/>
    <property name="java.vm.specification.version" value="1.8"/>
    <property name="sun.arch.data.model" value="32"/>
    <property name="java.home" value="F:\jdk1.8.0_131\jre"/>
    <property name="sun.java.command" value="org.codehaus.plexus.classworlds.launcher.Launcher clean package"/>
    <property name="java.specification.vendor" value="Oracle Corporation"/>
    <property name="user.language" value="zh"/>
    <property name="awt.toolkit" value="sun.awt.windows.WToolkit"/>
    <property name="java.vm.info" value="mixed mode"/>
    <property name="java.version" value="1.8.0_131"/>
    <property name="java.ext.dirs" value="F:\jdk1.8.0_131\jre\lib\ext;C:\Windows\Sun\Java\lib\ext"/>
    <property name="sun.boot.class.path" value="F:\jdk1.8.0_131\jre\lib\resources.jar;F:\jdk1.8.0_131\jre\lib\rt.jar;F:\jdk1.8.0_131\jre\lib\sunrsasign.jar;F:\jdk1.8.0_131\jre\lib\jsse.jar;F:\jdk1.8.0_131\jre\lib\jce.jar;F:\jdk1.8.0_131\jre\lib\charsets.jar;F:\jdk1.8.0_131\jre\lib\jfr.jar;F:\jdk1.8.0_131\jre\classes"/>
    <property name="sun.stderr.encoding" value="ms936"/>
    <property name="java.vendor" value="Oracle Corporation"/>
    <property name="maven.home" value="F:\Java\bcgj\service\apache-maven-3.3.9\apache-maven-3.3.9\apache-maven-3.3.9\bin\.."/>
    <property name="file.separator" value="\"/>
    <property name="java.vendor.url.bug" value="http://bugreport.sun.com/bugreport/"/>
    <property name="sun.cpu.endian" value="little"/>
    <property name="sun.io.unicode.encoding" value="UnicodeLittle"/>
    <property name="sun.stdout.encoding" value="ms936"/>
    <property name="sun.desktop" value="windows"/>
    <property name="sun.cpu.isalist" value="pentium_pro+mmx pentium_pro pentium+mmx pentium i486 i386 i86"/>
  </properties>
  <testcase name="testApp" classname="com.ykf.test.AppTest" time="0.001"/>
</testsuite>